<?xml version="1.0" encoding="UTF-8"?>
<testng-results skipped="0" failed="0" ignored="0" total="2" passed="2">
  <reporter-output>
  </reporter-output>
  <suite name="Default suite" duration-ms="7754" started-at="2018-11-12T02:39:46Z" finished-at="2018-11-12T02:39:54Z">
    <groups>
    </groups>
    <test name="Default test" duration-ms="7754" started-at="2018-11-12T02:39:46Z" finished-at="2018-11-12T02:39:54Z">
      <class name="tests.Log4JDemo">
        <test-method status="PASS" signature="setup()[pri:0, instance:tests.Log4JDemo@685cb137]" name="setup" is-config="true" duration-ms="3564" started-at="2018-11-12T02:39:46Z" finished-at="2018-11-12T02:39:49Z">
          <reporter-output>
          </reporter-output>
        </test-method> <!-- setup -->
        <test-method status="PASS" signature="test1()[pri:1, instance:tests.Log4JDemo@685cb137]" name="test1" duration-ms="10" started-at="2018-11-12T02:39:49Z" finished-at="2018-11-12T02:39:49Z">
          <reporter-output>
          </reporter-output>
        </test-method> <!-- test1 -->
        <test-method status="PASS" signature="tearDown()[pri:0, instance:tests.Log4JDemo@685cb137]" name="tearDown" is-config="true" duration-ms="191" started-at="2018-11-12T02:39:49Z" finished-at="2018-11-12T02:39:50Z">
          <reporter-output>
          </reporter-output>
        </test-method> <!-- tearDown -->
        <test-method status="PASS" signature="setup()[pri:0, instance:tests.Log4JDemo@685cb137]" name="setup" is-config="true" duration-ms="3482" started-at="2018-11-12T02:39:50Z" finished-at="2018-11-12T02:39:53Z">
          <reporter-output>
          </reporter-output>
        </test-method> <!-- setup -->
        <test-method status="PASS" signature="test2()[pri:2, instance:tests.Log4JDemo@685cb137]" name="test2" duration-ms="284" started-at="2018-11-12T02:39:53Z" finished-at="2018-11-12T02:39:53Z">
          <reporter-output>
          </reporter-output>
        </test-method> <!-- test2 -->
        <test-method status="PASS" signature="tearDown()[pri:0, instance:tests.Log4JDemo@685cb137]" name="tearDown" is-config="true" duration-ms="196" started-at="2018-11-12T02:39:53Z" finished-at="2018-11-12T02:39:54Z">
          <reporter-output>
          </reporter-output>
        </test-method> <!-- tearDown -->
      </class> <!-- tests.Log4JDemo -->
    </test> <!-- Default test -->
  </suite> <!-- Default suite -->
</testng-results>
