<?xml version="1.0" encoding="UTF-8"?>
<!-- Generated by org.testng.reporters.JUnitXMLReporter -->
<testsuite hostname="Fatihs-MacBook-Pro.local" ignored="2" name="Default test" tests="1" failures="0" timestamp="14 Jul 2018 19:53:01 GMT" time="5.857" errors="0">
  <testcase name="click" time="5.833" classname="com.cybertek.JavascriptExecutorExamples"/>
  <testcase name="test" time="0.0" classname="com.cybertek.JavascriptExecutorExamples">
    <ignored/>
  </testcase> <!-- test -->
  <testcase name="scroll" time="0.0" classname="com.cybertek.JavascriptExecutorExamples">
    <ignored/>
  </testcase> <!-- scroll -->
</testsuite> <!-- Default test -->
