<?xml version="1.0" encoding="UTF-8"?>
<testng-results skipped="0" failed="0" ignored="2" total="3" passed="1">
  <reporter-output>
  </reporter-output>
  <suite name="Default suite" duration-ms="5857" started-at="2018-07-14T19:52:50Z" finished-at="2018-07-14T19:52:56Z">
    <groups>
    </groups>
    <test name="Default test" duration-ms="5857" started-at="2018-07-14T19:52:50Z" finished-at="2018-07-14T19:52:56Z">
      <class name="com.cybertek.JavascriptExecutorExamples">
        <test-method status="PASS" signature="click()[pri:0, instance:com.cybertek.JavascriptExecutorExamples@685cb137]" name="click" duration-ms="5833" started-at="2018-07-14T19:52:50Z" finished-at="2018-07-14T19:52:56Z">
          <reporter-output>
          </reporter-output>
        </test-method> <!-- click -->
      </class> <!-- com.cybertek.JavascriptExecutorExamples -->
    </test> <!-- Default test -->
  </suite> <!-- Default suite -->
</testng-results>
