<?xml version="1.0" encoding="UTF-8"?>
<testng-results skipped="0" failed="0" ignored="0" total="7" passed="7">
  <reporter-output>
  </reporter-output>
  <suite name="Default suite" duration-ms="12929" started-at="2018-07-03T13:54:33Z" finished-at="2018-07-03T13:54:46Z">
    <groups>
    </groups>
    <test name="Default test" duration-ms="12929" started-at="2018-07-03T13:54:33Z" finished-at="2018-07-03T13:54:46Z">
      <class name="com.olympicsmedals.OlympicsMedals2">
        <test-method status="PASS" signature="setUp()[pri:0, instance:com.olympicsmedals.OlympicsMedals2@7d9d1a19]" name="setUp" is-config="true" duration-ms="3422" started-at="2018-07-03T13:54:33Z" finished-at="2018-07-03T13:54:37Z">
          <reporter-output>
          </reporter-output>
        </test-method> <!-- setUp -->
        <test-method status="PASS" signature="getSum()[pri:0, instance:com.olympicsmedals.OlympicsMedals2@7d9d1a19]" name="getSum" duration-ms="961" started-at="2018-07-03T13:54:37Z" finished-at="2018-07-03T13:54:38Z">
          <reporter-output>
          </reporter-output>
        </test-method> <!-- getSum -->
        <test-method status="PASS" signature="most()[pri:0, instance:com.olympicsmedals.OlympicsMedals2@7d9d1a19]" name="most" duration-ms="1310" started-at="2018-07-03T13:54:38Z" finished-at="2018-07-03T13:54:39Z">
          <reporter-output>
          </reporter-output>
        </test-method> <!-- most -->
        <test-method status="PASS" signature="sortTest1()[pri:1, instance:com.olympicsmedals.OlympicsMedals2@7d9d1a19]" name="sortTest1" duration-ms="187" started-at="2018-07-03T13:54:39Z" finished-at="2018-07-03T13:54:39Z">
          <reporter-output>
          </reporter-output>
        </test-method> <!-- sortTest1 -->
        <test-method status="PASS" signature="sortTest2()[pri:2, instance:com.olympicsmedals.OlympicsMedals2@7d9d1a19]" name="sortTest2" duration-ms="240" started-at="2018-07-03T13:54:39Z" finished-at="2018-07-03T13:54:40Z">
          <reporter-output>
          </reporter-output>
        </test-method> <!-- sortTest2 -->
        <test-method status="PASS" signature="country18silver()[pri:3, instance:com.olympicsmedals.OlympicsMedals2@7d9d1a19]" name="country18silver" duration-ms="258" started-at="2018-07-03T13:54:40Z" finished-at="2018-07-03T13:54:40Z">
          <reporter-output>
          </reporter-output>
        </test-method> <!-- country18silver -->
        <test-method status="PASS" signature="testJapan()[pri:4, instance:com.olympicsmedals.OlympicsMedals2@7d9d1a19]" name="testJapan" duration-ms="6281" started-at="2018-07-03T13:54:40Z" finished-at="2018-07-03T13:54:46Z">
          <reporter-output>
          </reporter-output>
        </test-method> <!-- testJapan -->
        <test-method status="PASS" signature="sortTest3()[pri:5, instance:com.olympicsmedals.OlympicsMedals2@7d9d1a19]" name="sortTest3" duration-ms="241" started-at="2018-07-03T13:54:46Z" finished-at="2018-07-03T13:54:46Z">
          <reporter-output>
          </reporter-output>
        </test-method> <!-- sortTest3 -->
      </class> <!-- com.olympicsmedals.OlympicsMedals2 -->
    </test> <!-- Default test -->
  </suite> <!-- Default suite -->
</testng-results>
