<?xml version="1.0" encoding="UTF-8"?>
<testng-results skipped="0" failed="0" total="1" passed="1">
  <reporter-output>
  </reporter-output>
  <suite name="Default suite" duration-ms="4880" started-at="2018-06-22T00:26:58Z" finished-at="2018-06-22T00:27:03Z">
    <groups>
    </groups>
    <test name="Default test" duration-ms="4880" started-at="2018-06-22T00:26:58Z" finished-at="2018-06-22T00:27:03Z">
      <class name="com.prestashop.tests.NegativeScenarios">
        <test-method status="PASS" signature="setUpTest()[pri:0, instance:com.prestashop.tests.NegativeScenarios@4b9e13df]" name="setUpTest" is-config="true" duration-ms="1690" started-at="2018-06-21T20:26:58Z" finished-at="2018-06-21T20:26:59Z">
          <reporter-output>
          </reporter-output>
        </test-method> <!-- setUpTest -->
        <test-method status="PASS" signature="wrongCredentialsTest()[pri:0, instance:com.prestashop.tests.NegativeScenarios@4b9e13df]" name="wrongCredentialsTest" duration-ms="3100" started-at="2018-06-21T20:26:59Z" finished-at="2018-06-21T20:27:03Z">
          <reporter-output>
          </reporter-output>
        </test-method> <!-- wrongCredentialsTest -->
        <test-method status="PASS" signature="tearDownTest()[pri:0, instance:com.prestashop.tests.NegativeScenarios@4b9e13df]" name="tearDownTest" is-config="true" duration-ms="71" started-at="2018-06-21T20:27:03Z" finished-at="2018-06-21T20:27:03Z">
          <reporter-output>
          </reporter-output>
        </test-method> <!-- tearDownTest -->
      </class> <!-- com.prestashop.tests.NegativeScenarios -->
    </test> <!-- Default test -->
  </suite> <!-- Default suite -->
</testng-results>
