<?xml version="1.0" encoding="UTF-8"?>
<testng-results skipped="0" failed="0" ignored="0" total="1" passed="1">
  <reporter-output>
  </reporter-output>
  <suite name="Default suite" duration-ms="332" started-at="2018-10-14T20:45:34Z" finished-at="2018-10-14T20:45:34Z">
    <groups>
    </groups>
    <test name="Default test" duration-ms="332" started-at="2018-10-14T20:45:34Z" finished-at="2018-10-14T20:45:34Z">
      <class name="rest_api_testing.CustomSerilizeDeserlization">
        <test-method status="PASS" signature="test()[pri:0, instance:rest_api_testing.CustomSerilizeDeserlization@5b275dab]" name="test" duration-ms="308" started-at="2018-10-14T20:45:34Z" finished-at="2018-10-14T20:45:34Z">
          <reporter-output>
          </reporter-output>
        </test-method> <!-- test -->
      </class> <!-- rest_api_testing.CustomSerilizeDeserlization -->
    </test> <!-- Default test -->
  </suite> <!-- Default suite -->
</testng-results>
